Flutter crash report.
Please report a bug at https://github.com/flutter/flutter/issues.

## command

flutter run --machine --start-paused -d emulator-5554 --devtools-server-address http://127.0.0.1:9100/ --target lib\main.dart

## exception

SocketException: SocketException: A request to send or receive data was disallowed because the socket is not connected and (when sending on a datagram socket using a sendto call) no address was supplied.
 (OS Error: A request to send or receive data was disallowed because the socket is not connected and (when sending on a datagram socket using a sendto call) no address was supplied.
, errno = 10057), address = 127.0.0.1, port = 60979

```
#0      _NativeSocket.startConnect (dart:io-patch/socket_patch.dart:721:35)
#1      _RawSocket.startConnect (dart:io-patch/socket_patch.dart:1914:26)
#2      RawSocket.startConnect (dart:io-patch/socket_patch.dart:27:23)
#3      Socket._startConnect (dart:io-patch/socket_patch.dart:2138:22)
#4      Socket.startConnect (dart:io/socket.dart:766:21)
#5      _ConnectionTarget.connect (dart:_http/http_impl.dart:2486:20)
#6      _HttpClient._getConnection.connect (dart:_http/http_impl.dart:2924:12)
#7      _HttpClient._getConnection (dart:_http/http_impl.dart:2929:12)
#8      _HttpClient._openUrl (dart:_http/http_impl.dart:2784:12)
#9      _HttpClient.openUrl (dart:_http/http_impl.dart:2622:7)
#10     _WebSocketImpl.connect (dart:_http/websocket_impl.dart:1021:42)
#11     WebSocket.connect (dart:_http/websocket.dart:320:22)
#12     new IOWebSocketChannel.connect (package:web_socket_channel/io.dart:81:28)
#13     connect (package:web_socket_channel/src/_connect_io.dart:15:24)
#14     new WebSocketChannel.connect (package:web_socket_channel/src/channel.dart:115:16)
#15     _defaultWebSocketBuilder (package:dds/src/dds_impl.dart:52:27)
#16     DartDevelopmentServiceImpl.startService (package:dds/src/dds_impl.dart:80:40)
#17     DartDevelopmentService.startDartDevelopmentService (package:dds/dds.dart:97:19)
<asynchronous suspension>
#18     DartDevelopmentService.startDartDevelopmentService (package:flutter_tools/src/base/dds.dart:55:22)
<asynchronous suspension>
#19     FlutterDevice.connect.<anonymous closure> (package:flutter_tools/src/resident_runner.dart:298:11)
<asynchronous suspension>
```

## flutter doctor

```
[✓] Flutter (Channel stable, 3.13.7, on Microsoft Windows [Version 10.0.22621.2428], locale en-MY)
    • Flutter version 3.13.7 on channel stable at C:\Users\User\flutter
    • Upstream repository https://github.com/flutter/flutter.git
    • Framework revision 2f708eb839 (2 weeks ago), 2023-10-09 09:58:08 -0500
    • Engine revision a794cf2681
    • Dart version 3.1.3
    • DevTools version 2.25.0

[✓] Windows Version (Installed version of Windows is version 10 or higher)

[✓] Android toolchain - develop for Android devices (Android SDK version 34.0.0)
    • Android SDK at C:\Users\User\AppData\Local\Android\sdk
    • Platform android-34, build-tools 34.0.0
    • Java binary at: D:\Android\Android Studio\jbr\bin\java
    • Java version OpenJDK Runtime Environment (build 17.0.6+0-b2043.56-10027231)
    • All Android licenses accepted.

[✓] Chrome - develop for the web
    • Chrome at C:\Program Files\Google\Chrome\Application\chrome.exe

[!] Visual Studio - develop Windows apps (Visual Studio Community 2022 17.6.4)
    • Visual Studio at C:\Program Files\Microsoft Visual Studio\2022\Community
    • Visual Studio Community 2022 version 17.6.33815.320
    • Windows 10 SDK version 10.0.22000.0
    ✗ Visual Studio is missing necessary components. Please re-run the Visual Studio installer for the "Desktop development with C++" workload, and include these components:
        MSVC v142 - VS 2019 C++ x64/x86 build tools
         - If there are multiple build tool versions available, install the latest
        C++ CMake tools for Windows
        Windows 10 SDK

[✓] Android Studio (version 2022.3)
    • Android Studio at D:\Android\Android Studio
    • Flutter plugin can be installed from:
      🔨 https://plugins.jetbrains.com/plugin/9212-flutter
    • Dart plugin can be installed from:
      🔨 https://plugins.jetbrains.com/plugin/6351-dart
    • Java version OpenJDK Runtime Environment (build 17.0.6+0-b2043.56-10027231)

[✓] VS Code (version 1.83.1)
    • VS Code at C:\Users\User\AppData\Local\Programs\Microsoft VS Code
    • Flutter extension version 3.74.0

[✓] Connected device (4 available)
    • sdk gphone x86 (mobile) • emulator-5554 • android-arm    • Android null (API null)
    • Windows (desktop)       • windows       • windows-x64    • Microsoft Windows [Version 10.0.22621.2428]
    • Chrome (web)            • chrome        • web-javascript • Google Chrome 118.0.5993.89
    • Edge (web)              • edge          • web-javascript • Microsoft Edge 118.0.2088.61

[✓] Network resources
    • All expected network resources are available.

! Doctor found issues in 1 category.
```
