#
# There is insufficient memory for the Java Runtime Environment to continue.
# Native memory allocation (mmap) failed to map 266338304 bytes for G1 virtual space
# Possible reasons:
#   The system is out of physical RAM or swap space
#   The process is running with CompressedOops enabled, and the Java Heap may be blocking the growth of the native heap
# Possible solutions:
#   Reduce memory load on the system
#   Increase physical memory or swap space
#   Check if swap backing store is full
#   Decrease Java heap size (-Xmx/-Xms)
#   Decrease number of Java threads
#   Decrease Java thread stack sizes (-Xss)
#   Set larger code cache with -XX:ReservedCodeCacheSize=
#   JVM is running with Zero Based Compressed Oops mode in which the Java heap is
#     placed in the first 32GB address space. The Java Heap base address is the
#     maximum limit for the native heap growth. Please use -XX:HeapBaseMinAddress
#     to set the Java Heap base and to place the Java Heap above 32GB virtual address.
# This output file may be truncated or incomplete.
#
#  Out of Memory Error (os_windows.cpp:3769), pid=19052, tid=30920
#
# JRE version:  (17.0.6) (build )
# Java VM: OpenJDK 64-Bit Server VM (17.0.6+0-b2043.56-10027231, mixed mode, sharing, tiered, compressed oops, compressed class ptrs, g1 gc, windows-amd64)
# No core dump will be written. Minidumps are not enabled by default on client versions of Windows
#

---------------  S U M M A R Y ------------

Command Line: 

Host: Intel(R) Core(TM) i5-10500H CPU @ 2.50GHz, 12 cores, 15G,  Windows 11 , 64 bit Build 22621 (10.0.22621.2428)
Time: Thu Oct 26 00:56:45 2023 Malay Peninsula Standard Time elapsed time: 0.103521 seconds (0d 0h 0m 0s)

---------------  T H R E A D  ---------------

Current thread (0x000001f5f0e2d870):  JavaThread "Unknown thread" [_thread_in_vm, id=30920, stack(0x000000b4e8d00000,0x000000b4e8e00000)]

Stack: [0x000000b4e8d00000,0x000000b4e8e00000]
Native frames: (J=compiled Java code, j=interpreted, Vv=VM code, C=native code)
V  [jvm.dll+0x683c9a]
V  [jvm.dll+0x8427a4]
V  [jvm.dll+0x843f9e]
V  [jvm.dll+0x844603]
V  [jvm.dll+0x249b75]
V  [jvm.dll+0x680b69]
V  [jvm.dll+0x67505a]
V  [jvm.dll+0x309acb]
V  [jvm.dll+0x310f86]
V  [jvm.dll+0x3608ee]
V  [jvm.dll+0x360b1f]
V  [jvm.dll+0x2dfbf8]
V  [jvm.dll+0x2e0b64]
V  [jvm.dll+0x814091]
V  [jvm.dll+0x36e6a1]
V  [jvm.dll+0x7f35cc]
V  [jvm.dll+0x3f0e8f]
V  [jvm.dll+0x3f29d1]
C  [jli.dll+0x526b]
C  [ucrtbase.dll+0x29363]
C  [KERNEL32.DLL+0x1257d]
C  [ntdll.dll+0x5aa78]


---------------  P R O C E S S  ---------------

Threads class SMR info:
_java_thread_list=0x00007ff932abc058, length=0, elements={
}

Java Threads: ( => current thread )

Other Threads:
  0x000001f5f0e978a0 GCTaskThread "GC Thread#0" [stack: 0x000000b4e8e00000,0x000000b4e8f00000] [id=35384]
  0x000001f5f0ea9530 ConcurrentGCThread "G1 Main Marker" [stack: 0x000000b4e8f00000,0x000000b4e9000000] [id=31308]
  0x000001f5f0eaa6e0 ConcurrentGCThread "G1 Conc#0" [stack: 0x000000b4e9000000,0x000000b4e9100000] [id=37472]

[error occurred during error reporting (printing all threads), id 0xc0000005, EXCEPTION_ACCESS_VIOLATION (0xc0000005) at pc=0x00007ff932270797]

VM state: not at safepoint (not fully initialized)

VM Mutex/Monitor currently owned by a thread:  ([mutex/lock_event])
[0x000001f5f0e28080] Heap_lock - owner thread: 0x000001f5f0e2d870

Heap address: 0x0000000702c00000, size: 4052 MB, Compressed Oops mode: Zero based, Oop shift amount: 3

CDS archive(s) mapped at: [0x0000000000000000-0x0000000000000000-0x0000000000000000), size 0, SharedBaseAddress: 0x0000000800000000, ArchiveRelocationMode: 0.
Narrow klass base: 0x0000000000000000, Narrow klass shift: 0, Narrow klass range: 0x0

GC Precious Log:
<Empty>

Heap:
 garbage-first heap   total 0K, used 0K [0x0000000702c00000, 0x0000000800000000)
  region size 2048K, 0 young (0K), 0 survivors (0K)

[error occurred during error reporting (printing heap information), id 0xc0000005, EXCEPTION_ACCESS_VIOLATION (0xc0000005) at pc=0x00007ff93265da89]

GC Heap History (0 events):
No events

Dll operation events (1 events):
Event: 0.006 Loaded shared library D:\Android\Android Studio\jbr\bin\java.dll

Deoptimization events (0 events):
No events

Classes unloaded (0 events):
No events

Classes redefined (0 events):
No events

Internal exceptions (0 events):
No events

VM Operations (0 events):
No events

Events (0 events):
No events


Dynamic libraries:
0x00007ff73c310000 - 0x00007ff73c31a000 	D:\Android\Android Studio\jbr\bin\java.EXE
0x00007ff9eccb0000 - 0x00007ff9ecec7000 	C:\WINDOWS\SYSTEM32\ntdll.dll
0x00007ff9ebcd0000 - 0x00007ff9ebd94000 	C:\WINDOWS\System32\KERNEL32.DLL
0x00007ff9ea3b0000 - 0x00007ff9ea756000 	C:\WINDOWS\System32\KERNELBASE.dll
0x00007ff9ea1d0000 - 0x00007ff9ea2e1000 	C:\WINDOWS\System32\ucrtbase.dll
0x00007ff9d2250000 - 0x00007ff9d2267000 	D:\Android\Android Studio\jbr\bin\jli.dll
0x00007ff9dc160000 - 0x00007ff9dc17b000 	D:\Android\Android Studio\jbr\bin\VCRUNTIME140.dll
0x00007ff9ebb20000 - 0x00007ff9ebccd000 	C:\WINDOWS\System32\USER32.dll
0x00007ff9ea760000 - 0x00007ff9ea786000 	C:\WINDOWS\System32\win32u.dll
0x00007ff9c6060000 - 0x00007ff9c62f3000 	C:\WINDOWS\WinSxS\amd64_microsoft.windows.common-controls_6595b64144ccf1df_6.0.22621.2361_none_2712ced57382f843\COMCTL32.dll
0x00007ff9eb6e0000 - 0x00007ff9eb709000 	C:\WINDOWS\System32\GDI32.dll
0x00007ff9ec8b0000 - 0x00007ff9ec957000 	C:\WINDOWS\System32\msvcrt.dll
0x00007ff9ea0b0000 - 0x00007ff9ea1c8000 	C:\WINDOWS\System32\gdi32full.dll
0x00007ff9ea790000 - 0x00007ff9ea82a000 	C:\WINDOWS\System32\msvcp_win.dll
0x00007ff9ebe50000 - 0x00007ff9ebe81000 	C:\WINDOWS\System32\IMM32.DLL
0x00007ff9ddd40000 - 0x00007ff9ddd4c000 	D:\Android\Android Studio\jbr\bin\vcruntime140_1.dll
0x00007ff9c3520000 - 0x00007ff9c35ad000 	D:\Android\Android Studio\jbr\bin\msvcp140.dll
0x00007ff931f80000 - 0x00007ff932bee000 	D:\Android\Android Studio\jbr\bin\server\jvm.dll
0x00007ff9eaaf0000 - 0x00007ff9eaba0000 	C:\WINDOWS\System32\ADVAPI32.dll
0x00007ff9ec960000 - 0x00007ff9eca06000 	C:\WINDOWS\System32\sechost.dll
0x00007ff9eb720000 - 0x00007ff9eb837000 	C:\WINDOWS\System32\RPCRT4.dll
0x00007ff9d76a0000 - 0x00007ff9d76a9000 	C:\WINDOWS\SYSTEM32\WSOCK32.dll
0x00007ff9e59c0000 - 0x00007ff9e59ca000 	C:\WINDOWS\SYSTEM32\VERSION.dll
0x00007ff9eb660000 - 0x00007ff9eb6d1000 	C:\WINDOWS\System32\WS2_32.dll
0x00007ff9ddac0000 - 0x00007ff9ddaf4000 	C:\WINDOWS\SYSTEM32\WINMM.dll
0x00007ff9e9100000 - 0x00007ff9e9118000 	C:\WINDOWS\SYSTEM32\kernel.appcore.dll
0x00007ff9ddc80000 - 0x00007ff9ddc8a000 	D:\Android\Android Studio\jbr\bin\jimage.dll
0x00007ff9e3030000 - 0x00007ff9e325e000 	C:\WINDOWS\SYSTEM32\DBGHELP.DLL
0x00007ff9eaba0000 - 0x00007ff9eaf2a000 	C:\WINDOWS\System32\combase.dll
0x00007ff9eaf30000 - 0x00007ff9eb007000 	C:\WINDOWS\System32\OLEAUT32.dll
0x00007ff9e2f40000 - 0x00007ff9e2f72000 	C:\WINDOWS\SYSTEM32\dbgcore.DLL
0x00007ff9ea030000 - 0x00007ff9ea0aa000 	C:\WINDOWS\System32\bcryptPrimitives.dll
0x00007ff9c2760000 - 0x00007ff9c2785000 	D:\Android\Android Studio\jbr\bin\java.dll

dbghelp: loaded successfully - version: 4.0.5 - missing functions: none
symbol engine: initialized successfully - sym options: 0x614 - pdb path: .;D:\Android\Android Studio\jbr\bin;C:\WINDOWS\SYSTEM32;C:\WINDOWS\WinSxS\amd64_microsoft.windows.common-controls_6595b64144ccf1df_6.0.22621.2361_none_2712ced57382f843;D:\Android\Android Studio\jbr\bin\server

VM Arguments:
java_command: <unknown>
java_class_path (initial): <not set>
Launcher Type: SUN_STANDARD

[Global flags]
     intx CICompilerCount                          = 4                                         {product} {ergonomic}
     uint ConcGCThreads                            = 3                                         {product} {ergonomic}
     uint G1ConcRefinementThreads                  = 10                                        {product} {ergonomic}
   size_t G1HeapRegionSize                         = 2097152                                   {product} {ergonomic}
    uintx GCDrainStackTargetSize                   = 64                                        {product} {ergonomic}
   size_t InitialHeapSize                          = 266338304                                 {product} {ergonomic}
   size_t MarkStackSize                            = 4194304                                   {product} {ergonomic}
   size_t MaxHeapSize                              = 4248829952                                {product} {ergonomic}
   size_t MinHeapDeltaBytes                        = 2097152                                   {product} {ergonomic}
   size_t MinHeapSize                              = 8388608                                   {product} {ergonomic}
    uintx NonNMethodCodeHeapSize                   = 5839372                                {pd product} {ergonomic}
    uintx NonProfiledCodeHeapSize                  = 122909434                              {pd product} {ergonomic}
    uintx ProfiledCodeHeapSize                     = 122909434                              {pd product} {ergonomic}
    uintx ReservedCodeCacheSize                    = 251658240                              {pd product} {ergonomic}
     bool SegmentedCodeCache                       = true                                      {product} {ergonomic}
   size_t SoftMaxHeapSize                          = 4248829952                             {manageable} {ergonomic}
     bool UseCompressedClassPointers               = true                           {product lp64_product} {ergonomic}
     bool UseCompressedOops                        = true                           {product lp64_product} {ergonomic}
     bool UseG1GC                                  = true                                      {product} {ergonomic}
     bool UseLargePagesIndividualAllocation        = false                                  {pd product} {ergonomic}

Logging:
Log output configuration:
 #0: stdout all=warning uptime,level,tags
 #1: stderr all=off uptime,level,tags

Environment Variables:
JAVA_HOME=D:\Android\Android Studio\jbr
PATH=D:\Android\Android Studio\jbr\bin;C:\Program Files\NVIDIA GPU Computing Toolkit\CUDA\v12.1\bin;C:\Program Files\NVIDIA GPU Computing Toolkit\CUDA\v12.1\libnvvp;C:\Program Files (x86)\VMware\VMware Player\bin\;C:\Program Files\Common Files\Oracle\Java\javapath;C:\Windows\system32;C:\Windows;C:\Windows\System32\Wbem;C:\Windows\System32\WindowsPowerShell\v1.0\;C:\Windows\System32\OpenSSH\;C:\Program Files (x86)\NVIDIA Corporation\PhysX\Common;C:\Users\User\AppData\Local\Programs\Python\Python39\Scripts\pip;C:\Program Files\nodejs\;C:\MinGW\bin;C:\WINDOWS\system32;C:\WINDOWS;C:\WINDOWS\System32\Wbem;C:\WINDOWS\System32\WindowsPowerShell\v1.0\;C:\Users\User\AppData\Local\Programs\Tesseract-OCR;C:\Webdriver\chromedriver;C:\Program Files\Git\cmd;C:\opencv\mingw-build\install\x64\mingw\bin;C:\WINDOWS\System32\OpenSSH\;C:\Program Files\dotnet\;C:\Program Files\NVIDIA Corporation\Nsight Compute 2023.1.1\;C:\GnuWin32\bin;C:\Users\User\.cargo\bin;C:\Users\User\AppData\Local\Programs\Python\Python39\Scripts\;C:\Users\User\AppData\Local\Programs\Python\Python39\;C:\Users\User\AppData\Local\Microsoft\WindowsApps;C:\Users\User\AppData\Local\Programs\Python\Python39\Scripts\pip;C:\Users\User\AppData\Local\atom\bin;C:\Users\User\AppData\Roaming\npm;C:\Users\User\AppData\Local\Programs\Tesseract-OCR;C:\Program Files\JetBrains\CLion 2021.3\bin;;C:\Users\User\AppData\Local\Microsoft\WindowsApps;C:\Users\User\AppData\Local\Programs\Microsoft VS Code\bin;C:\MinGW\bin;C:\Program Files\CMake\bin;C:\Users\User\.dotnet\tools;C:\Users\User\flutter\bin;;C:\Users\User\flutter\bin\mingit\cmd
USERNAME=User
OS=Windows_NT
PROCESSOR_IDENTIFIER=Intel64 Family 6 Model 165 Stepping 2, GenuineIntel
TMP=C:\Users\User\AppData\Local\Temp
TEMP=C:\Users\User\AppData\Local\Temp


JNI global refs:

[error occurred during error reporting (JNI global references), id 0xc0000005, EXCEPTION_ACCESS_VIOLATION (0xc0000005) at pc=0x00007ff932037a10]


---------------  S Y S T E M  ---------------

OS:
 Windows 11 , 64 bit Build 22621 (10.0.22621.2428)
OS uptime: 9 days 13:02 hours

CPU: total 12 (initial active 12) (6 cores per cpu, 2 threads per core) family 6 model 165 stepping 2 microcode 0xe2, cx8, cmov, fxsr, ht, mmx, 3dnowpref, sse, sse2, sse3, ssse3, sse4.1, sse4.2, popcnt, lzcnt, tsc, tscinvbit, avx, avx2, aes, erms, clmul, bmi1, bmi2, adx, fma, vzeroupper, clflush, clflushopt

Memory: 4k page, system-wide physical 16205M (467M free)
TotalPageFile size 36178M (AvailPageFile size 87M)
current process WorkingSet (physical memory assigned to process): 10M, peak: 10M
current process commit charge ("private bytes"): 64M, peak: 318M

vm_info: OpenJDK 64-Bit Server VM (17.0.6+0-b2043.56-10027231) for windows-amd64 JRE (17.0.6+0-b2043.56-10027231), built on Apr 28 2023 00:43:19 by "androidbuild" with MS VC++ 16.10 / 16.11 (VS2019)

END.
